#
# A fatal error has been detected by the Java Runtime Environment:
#
#  SIGBUS (0x7) at pc=0x00007f4196db6210, pid=21298, tid=139919684249344
#
# JRE version: 6.0_26-b03
# Java VM: Java HotSpot(TM) 64-Bit Server VM (20.1-b02 mixed mode linux-amd64 compressed oops)
# Problematic frame:
# 
[error occurred during error reporting (printing problematic frame), id 0x7]

# If you would like to submit a bug report, please visit:
#   http://java.sun.com/webapps/bugreport/crash.jsp
# The crash happened outside the Java Virtual Machine in native code.
# See problematic frame for where to report the bug.
#

---------------  T H R E A D  ---------------

Current thread (0x00007f4198260000):  JavaThread "AWT-EventQueue-0" [_thread_in_native, id=21318, stack(0x00007f419703a000,0x00007f419713b000)]

siginfo:si_signo=SIGBUS: si_errno=0, si_code=2 (BUS_ADRERR), si_addr=0x00007f4196db6210

Registers:
RAX=0x0000000000000000, RBX=0x0000000000000001, RCX=0x00007f4197138b18, RDX=0x00007f4197138b10
RSP=0x00007f4197138b08, RBP=0x00007f4197138b50, RSI=0x00007f4197138b40, RDI=0x00007f41982601d0
R8 =0x0000000000000014, R9 =0x0000000000000000, R10=0x00007f419e2d7409, R11=0x00000000bfc2b3a0
R12=0x0000000000000000, R13=0x00007f4197138c80, R14=0x00007f4197138b40, R15=0x00007f4198260000
RIP=0x00007f4196db6210, EFLAGS=0x0000000000010246, CSGSFS=0x0000000000000033, ERR=0x0000000000000014
  TRAPNO=0x000000000000000e

Top of Stack: (sp=0x00007f4197138b08)
0x00007f4197138b08:   00007f419e2d7483 00000000c402d988
0x00007f4197138b18:   00000000c4013588 00000000c4041278
0x00007f4197138b28:   0000000000000000 00007f4197138b70
0x00007f4197138b38:   00007f4195b52cf7 00000000bfbdda80
0x00007f4197138b48:   00007f4197138b88 00000000c4013588
0x00007f4197138b58:   00007f419e2e69b4 00007f4197138b80
0x00007f4197138b68:   00000000c4017b30 0000001400000001
0x00007f4197138b78:   00000000c4017bb0 00000000c4014b58
0x00007f4197138b88:   00000000c4017d78 00007f4198260000
0x00007f4197138b98:   0000400000000000 00007f4197138bc0
0x00007f4197138ba8:   00007f41982601d0 00000000c4017f58
0x00007f4197138bb8:   00007f419e2edd20 00000000c4017b30
0x00007f4197138bc8:   423c000044480000 4280000042800000
0x00007f4197138bd8:   0000400000000001 00000000c4014b48
0x00007f4197138be8:   00007f41982601d0 00007f4197138c40
0x00007f4197138bf8:   00007f419e2faf08 00000000c4017f58
0x00007f4197138c08:   00007f419e34f4f0 00000000c40174d0
0x00007f4197138c18:   00000000c4017a38 00000000c4017a38
0x00007f4197138c28:   00007f41a2a36438 0000000000013b07
0x00007f4197138c38:   0000000032203415 00000000c40174d0
0x00007f4197138c48:   00007f419e3278d4 00000000c4017490
0x00007f4197138c58:   00007f419e32929d 0000000000000001
0x00007f4197138c68:   00007f4195b323d7 00000000ed3f45e8
0x00007f4197138c78:   00007f419e309470 00000000ed188000
0x00007f4197138c88:   0000000000000007 0000000000000001
0x00007f4197138c98:   00000000c4060958 ed3f461800000001
0x00007f4197138ca8:   00000001c4060958 00000000c4016f40
0x00007f4197138cb8:   00000000ed3f4618 00000000ec5f9c78
0x00007f4197138cc8:   00000000ec5f9bc0 00000000ec5f9c38
0x00007f4197138cd8:   00000000c40b4968 0000000000000001
0x00007f4197138ce8:   0000000000000011 00000000bf5613b8
0x00007f4197138cf8:   00007f4198260000 00000000ed188000 

Instructions: (pc=0x00007f4196db6210)
0x00007f4196db61f0:   6c 24 30 31 c9 48 8b 80 f8 06 00 00 4c 8b 74 24
0x00007f4196db6200:   38 4c 8b 7c 24 40 48 83 c4 48 ff e0 0f 1f 40 00
0x00007f4196db6210:   48 89 5c 24 d0 48 89 6c 24 d8 48 89 fb 4c 89 64
0x00007f4196db6220:   24 e0 4c 89 6c 24 e8 48 89 d5 4c 89 74 24 f0 4c 

Register to memory mapping:

RAX=0x0000000000000000 is an unknown value
RBX=0x0000000000000001 is an unknown value
RCX=0x00007f4197138b18 is pointing into the stack for thread: 0x00007f4198260000
RDX=0x00007f4197138b10 is pointing into the stack for thread: 0x00007f4198260000
RSP=0x00007f4197138b08 is pointing into the stack for thread: 0x00007f4198260000
RBP=0x00007f4197138b50 is pointing into the stack for thread: 0x00007f4198260000
RSI=0x00007f4197138b40 is pointing into the stack for thread: 0x00007f4198260000
RDI=0x00007f41982601d0 is an unknown value
R8 =0x0000000000000014 is an unknown value
R9 =0x0000000000000000 is an unknown value
R10=0x00007f419e2d7210 [CodeBlob (0x00007f419e2d7210)]
Framesize: 10
R11=0x00000000bfc2b3a0 is an oop
{instance class} 
 - klass: {other class}
R12=0x0000000000000000 is an unknown value
R13=0x00007f4197138c80 is pointing into the stack for thread: 0x00007f4198260000
R14=0x00007f4197138b40 is pointing into the stack for thread: 0x00007f4198260000
R15=0x00007f4198260000 is a thread


Stack: [0x00007f419703a000,0x00007f419713b000],  sp=0x00007f4197138b08,  free space=1018k
Native frames: (J=compiled Java code, j=interpreted, Vv=VM code, C=native code)
