#
# A fatal error has been detected by the Java Runtime Environment:
#
#  SIGBUS (0x7) at pc=0x00007f071d2503a8, pid=23919, tid=139668534159104
#
# JRE version: 6.0_26-b03
# Java VM: Java HotSpot(TM) 64-Bit Server VM (20.1-b02 mixed mode linux-amd64 compressed oops)
# Problematic frame:
# 
[error occurred during error reporting (printing problematic frame), id 0x7]

# If you would like to submit a bug report, please visit:
#   http://java.sun.com/webapps/bugreport/crash.jsp
# The crash happened outside the Java Virtual Machine in native code.
# See problematic frame for where to report the bug.
#

---------------  T H R E A D  ---------------

Current thread (0x00007f07180f6000):  JavaThread "AWT-EventQueue-0" [_thread_in_native, id=23939, stack(0x00007f071d4d6000,0x00007f071d5d7000)]

siginfo:si_signo=SIGBUS: si_errno=0, si_code=2 (BUS_ADRERR), si_addr=0x00007f071d4d2838

Registers:
RAX=0x00000000c4019998, RBX=0x00007f07180f61d0, RCX=0x0000000041a1d400, RDX=0x0000000000000050
RSP=0x00007f071d5d47e8, RBP=0x00007f071d5d4830, RSI=0x00000000c4019998, RDI=0x00007f0718528000
R8 =0x00007f07252d4fe8, R9 =0x00007f07252d8e58, R10=0x0000000041a1d7e8, R11=0x0000000041a1d448
R12=0x00000000c4019998, R13=0x0000000000000050, R14=0x00007f0718528000, R15=0x0000000000000000
RIP=0x00007f071d2503a8, EFLAGS=0x0000000000010206, CSGSFS=0x0000000000000033, ERR=0x0000000000000004
  TRAPNO=0x000000000000000e

Top of Stack: (sp=0x00007f071d5d47e8)
0x00007f071d5d47e8:   00007f071d252277 00007f07180f6000
0x00007f071d5d47f8:   0000000000000001 00007f071d5d4870
0x00007f071d5d4808:   0000000000000000 00007f071d5d4938
0x00007f071d5d4818:   00007f071d5d4860 00007f07180f6000
0x00007f071d5d4828:   00007f07207ea383 00000000c4019988
0x00007f071d5d4838:   00000000c40048d8 00007f071d5d48f0
0x00007f071d5d4848:   00007f0720809504 00007f071d5d48f0
0x00007f071d5d4858:   00007f07208098f8 00000000bfc334e8
0x00007f071d5d4868:   00007f07207e03c8 00000000c40048d8
0x00007f071d5d4878:   00007f07207f6d34 00007f071d5d48f0
0x00007f071d5d4888:   00000000c4005898 0000001400000001
0x00007f071d5d4898:   00000000c4005918 00000000c4005ae0
0x00007f071d5d48a8:   00000000c4000328 00007f071d5d48b0
0x00007f071d5d48b8:   00000000bfc64430 00007f071d5d4908
0x00007f071d5d48c8:   00000000bfc64bd8 00000000c4005cc0
0x00007f071d5d48d8:   00007f07207f59a0 00000000c4005898
0x00007f071d5d48e8:   423c000044480000 4280000042800000
0x00007f071d5d48f8:   00007f0720727a82 00000000c4000328
0x00007f071d5d4908:   00000000c4005898 00007f071d5d4910
0x00007f071d5d4918:   00000000bfc60106 00007f071d5d49a8
0x00007f071d5d4928:   00007f0720727a82 00007f0720727a82
0x00007f071d5d4938:   0000000042800000 0000000042800000
0x00007f071d5d4948:   00007f07423c0000 00007f0744480000
0x00007f071d5d4958:   00000000c4005cc0 00000000c4005898
0x00007f071d5d4968:   00007f071d5d4968 00000000bfc8965f
0x00007f071d5d4978:   00007f071d5d49c0 00000000bfc89e68
0x00007f071d5d4988:   00000000bfd64908 00000000bfc89698
0x00007f071d5d4998:   00007f071d5d4938 00007f071d5d49c0
0x00007f071d5d49a8:   00007f071d5d4a08 00007f0720727a82
0x00007f071d5d49b8:   00000000c4000328 00000000c40057a0
0x00007f071d5d49c8:   00007f071d5d49c8 00000000bfc238a7
0x00007f071d5d49d8:   00007f071d5d4a18 00000000bfc26890 

Instructions: (pc=0x00007f071d2503a8)
0x00007f071d250388:   ff 25 9a 24 28 00 68 05 01 00 00 e9 90 ef ff ff
0x00007f071d250398:   ff 25 92 24 28 00 68 06 01 00 00 e9 80 ef ff ff
0x00007f071d2503a8:   ff 25 8a 24 28 00 68 07 01 00 00 e9 70 ef ff ff
0x00007f071d2503b8:   ff 25 82 24 28 00 68 08 01 00 00 e9 60 ef ff ff 

Register to memory mapping:

RAX=0x00000000c4019998 is an oop
[F 
 - klass: {type array float}
 - length: 20000
RBX=0x00007f07180f61d0 is an unknown value
RCX=0x0000000041a1d400 is an unknown value
RDX=0x0000000000000050 is an unknown value
RSP=0x00007f071d5d47e8 is pointing into the stack for thread: 0x00007f07180f6000
RBP=0x00007f071d5d4830 is pointing into the stack for thread: 0x00007f07180f6000
RSI=0x00000000c4019998 is an oop
[F 
 - klass: {type array float}
 - length: 20000
RDI=0x00007f0718528000 is an unknown value
R8 =0x00007f07252d4fe8: <offset 0xa99fe8> in /usr/lib/jvm/java-6-sun-1.6.0.26/jre/lib/amd64/server/libjvm.so at 0x00007f072483b000
R9 =0x00007f07252d8e58: <offset 0xa9de58> in /usr/lib/jvm/java-6-sun-1.6.0.26/jre/lib/amd64/server/libjvm.so at 0x00007f072483b000
R10=0x0000000041a1d7e8 is an unknown value
R11=0x0000000041a1d448 is an unknown value
R12=0x00000000c4019998 is an oop
[F 
 - klass: {type array float}
 - length: 20000
R13=0x0000000000000050 is an unknown value
R14=0x00007f0718528000 is an unknown value
R15=0x0000000000000000 is an unknown value


Stack: [0x00007f071d4d6000,0x00007f071d5d7000],  sp=0x00007f071d5d47e8,  free space=1017k
Native frames: (J=compiled Java code, j=interpreted, Vv=VM code, C=native code)
