#
# A fatal error has been detected by the Java Runtime Environment:
#
#  SIGBUS (0x7) at pc=0x00007f8a4fd7a3a8, pid=14920, tid=140232093001472
#
# JRE version: 6.0_26-b03
# Java VM: Java HotSpot(TM) 64-Bit Server VM (20.1-b02 mixed mode linux-amd64 compressed oops)
# Problematic frame:
# 
[error occurred during error reporting (printing problematic frame), id 0x7]

# If you would like to submit a bug report, please visit:
#   http://java.sun.com/webapps/bugreport/crash.jsp
# The crash happened outside the Java Virtual Machine in native code.
# See problematic frame for where to report the bug.
#

---------------  T H R E A D  ---------------

Current thread (0x00007f8a501c0800):  JavaThread "AWT-EventQueue-0" [_thread_in_native, id=14940, stack(0x00007f8a5406e000,0x00007f8a5416f000)]

siginfo:si_signo=SIGBUS: si_errno=0, si_code=2 (BUS_ADRERR), si_addr=0x00007f8a4fffc838

Registers:
RAX=0x00000000c400a108, RBX=0x00007f8a501c09d0, RCX=0x00000000404d97b0, RDX=0x0000000000000280
RSP=0x00007f8a5416cbb8, RBP=0x00007f8a5416cc00, RSI=0x00000000c400a108, RDI=0x00007f8a50788000
R8 =0x00007f8a5be6efe8, R9 =0x00007f8a5be72e58, R10=0x00000000404d9b98, R11=0x00000000404d97f8
R12=0x00000000c400a108, R13=0x0000000000000280, R14=0x00007f8a50788000, R15=0x0000000000000000
RIP=0x00007f8a4fd7a3a8, EFLAGS=0x0000000000010206, CSGSFS=0x0000000000000033, ERR=0x0000000000000004
  TRAPNO=0x000000000000000e

Top of Stack: (sp=0x00007f8a5416cbb8)
0x00007f8a5416cbb8:   00007f8a4fd7c277 00007f8a501c0800
0x00007f8a5416cbc8:   0000000000000008 00007f8a5416cc40
0x00007f8a5416cbd8:   0000000000000000 000000000000008c
0x00007f8a5416cbe8:   00007f8a5416cc30 00007f8a501c0800
0x00007f8a5416cbf8:   00007f8a57386f03 00000000c400a0f8
0x00007f8a5416cc08:   00000000c4003290 000000000000008c
0x00007f8a5416cc18:   000000000000008c 000000000000008c
0x00007f8a5416cc28:   3ef000003f5e0000 00000000bfc29f70
0x00007f8a5416cc38:   3ea000003f6e0000 00000000c4003290
0x00007f8a5416cc48:   00007f8a573937b4 000000000000008c
0x00007f8a5416cc58:   00000000c40092d0 000000a000000008
0x00007f8a5416cc68:   00000000c4009350 000000005416cca0
0x00007f8a5416cc78:   00007f8a5416ccb8 0000000000000008
0x00007f8a5416cc88:   00007f8a57387984 4405000042d20000
0x00007f8a5416cc98:   00000000c4009740 00000000c401f918
0x00007f8a5416cca8:   00007f8a5739ef20 00000000c40092d0
0x00007f8a5416ccb8:   4387000043700000 4307000043700000
0x00007f8a5416ccc8:   00000000bfc11728 00000000c401e398
0x00007f8a5416ccd8:   00007f8a5bae0438 00000000000122d9
0x00007f8a5416cce8:   000000003157325a 00000000c401f918
0x00007f8a5416ccf8:   00007f8a573dd3bc 00000000c4009200
0x00007f8a5416cd08:   00000000c4009240 00000000c40092d0
0x00007f8a5416cd18:   00000000c40092d0 00000000c40046e8
0x00007f8a5416cd28:   00007f8a573c561d 0000000000000001
0x00007f8a5416cd38:   00007f8a4eaf83d7 00000000c404cd00
0x00007f8a5416cd48:   00007f8a573b03b0 00000000ecf00540
0x00007f8a5416cd58:   0000000000000007 0000000000000001
0x00007f8a5416cd68:   00000000c4092d20 c404cd3000000001
0x00007f8a5416cd78:   00000001c4092d20 00000000c4008cb0
0x00007f8a5416cd88:   00000000c404cd30 00000000bee860b0
0x00007f8a5416cd98:   0000000000000000 00007f8a5416cde0
0x00007f8a5416cda8:   00000000ec73f9f8 0000000000000001 

Instructions: (pc=0x00007f8a4fd7a3a8)
0x00007f8a4fd7a388:   ff 25 9a 24 28 00 68 05 01 00 00 e9 90 ef ff ff
0x00007f8a4fd7a398:   ff 25 92 24 28 00 68 06 01 00 00 e9 80 ef ff ff
0x00007f8a4fd7a3a8:   ff 25 8a 24 28 00 68 07 01 00 00 e9 70 ef ff ff
0x00007f8a4fd7a3b8:   ff 25 82 24 28 00 68 08 01 00 00 e9 60 ef ff ff 

Register to memory mapping:

RAX=0x00000000c400a108 is an oop
[F 
 - klass: {type array float}
 - length: 20000
RBX=0x00007f8a501c09d0 is an unknown value
RCX=0x00000000404d97b0 is an unknown value
RDX=0x0000000000000280 is an unknown value
RSP=0x00007f8a5416cbb8 is pointing into the stack for thread: 0x00007f8a501c0800
RBP=0x00007f8a5416cc00 is pointing into the stack for thread: 0x00007f8a501c0800
RSI=0x00000000c400a108 is an oop
[F 
 - klass: {type array float}
 - length: 20000
RDI=0x00007f8a50788000 is an unknown value
R8 =0x00007f8a5be6efe8: <offset 0xa99fe8> in /usr/lib/jvm/java-6-sun-1.6.0.26/jre/lib/amd64/server/libjvm.so at 0x00007f8a5b3d5000
R9 =0x00007f8a5be72e58: <offset 0xa9de58> in /usr/lib/jvm/java-6-sun-1.6.0.26/jre/lib/amd64/server/libjvm.so at 0x00007f8a5b3d5000
R10=0x00000000404d9b98 is an unknown value
R11=0x00000000404d97f8 is an unknown value
R12=0x00000000c400a108 is an oop
[F 
 - klass: {type array float}
 - length: 20000
R13=0x0000000000000280 is an unknown value
R14=0x00007f8a50788000 is an unknown value
R15=0x0000000000000000 is an unknown value


Stack: [0x00007f8a5406e000,0x00007f8a5416f000],  sp=0x00007f8a5416cbb8,  free space=1018k
Native frames: (J=compiled Java code, j=interpreted, Vv=VM code, C=native code)
