#
# A fatal error has been detected by the Java Runtime Environment:
#
#  SIGBUS (0x7) at pc=0x00007f2befc793a8, pid=20560, tid=139826686850816
#
# JRE version: 6.0_26-b03
# Java VM: Java HotSpot(TM) 64-Bit Server VM (20.1-b02 mixed mode linux-amd64 compressed oops)
# Problematic frame:
# 
[error occurred during error reporting (printing problematic frame), id 0x7]

# If you would like to submit a bug report, please visit:
#   http://java.sun.com/webapps/bugreport/crash.jsp
# The crash happened outside the Java Virtual Machine in native code.
# See problematic frame for where to report the bug.
#

---------------  T H R E A D  ---------------

Current thread (0x00007f2bf01a2000):  JavaThread "AWT-EventQueue-0" [_thread_in_native, id=20579, stack(0x00007f2befeff000,0x00007f2bf0000000)]

siginfo:si_signo=SIGBUS: si_errno=0, si_code=2 (BUS_ADRERR), si_addr=0x00007f2befefb838

Registers:
RAX=0x00000000eca2d4c8, RBX=0x00007f2bf01a21d0, RCX=0x00007f2bf01a27a0, RDX=0x0000000000000280
RSP=0x00007f2befffd4f8, RBP=0x00007f2befffd5d8, RSI=0x00000000eca2d4c8, RDI=0x00007f2be85ed000
R8 =0x00007f2bfbd93fe8, R9 =0x00007f2bfbd97e58, R10=0x00007f2bf01a2b88, R11=0x00007f2bf01a27e8
R12=0x00000000eca2d4c8, R13=0x0000000000000280, R14=0x00007f2be85ed000, R15=0x0000000000000000
RIP=0x00007f2befc793a8, EFLAGS=0x0000000000010202, CSGSFS=0x0000000000000033, ERR=0x0000000000000004
  TRAPNO=0x000000000000000e

Top of Stack: (sp=0x00007f2befffd4f8)
0x00007f2befffd4f8:   00007f2befc7b277 00007f2bee9a1dc8
0x00007f2befffd508:   00000000bfbddf90 00007f2befffd5a0
0x00007f2befffd518:   0000000000000000 00000000bfbddf90
0x00007f2befffd528:   00007f2befffd5d8 00007f2bf01a2000
0x00007f2befffd538:   00007f2bf71f1d6e 00007f2be8126b60
0x00007f2befffd548:   00007f2be8242f00 0000000000000de1
0x00007f2befffd558:   00007f2be85b58f0 00007f2befffd560
0x00007f2befffd568:   0000000000000000 00007f2befffd5d8
0x00007f2befffd578:   00000000bfbdf1f8 0000000000000000
0x00007f2befffd588:   00000000bfbddf90 0000000000000000
0x00007f2befffd598:   00007f2befffd5c0 00007f2befffd620
0x00007f2befffd5a8:   00007f2bf71e6a82 00000000bfbdf190
0x00007f2befffd5b8:   00007f2bf71eef58 0000000000000000
0x00007f2befffd5c8:   00000000000000a0 00000000eca24af8
0x00007f2befffd5d8:   00000000eca2d4b8 00007f2befffd5e0
0x00007f2befffd5e8:   00000000bfbdd02c 00007f2befffd648
0x00007f2befffd5f8:   00000000bfbdf1f8 0000000000000000
0x00007f2befffd608:   00000000bfbdd090 00007f2befffd5c0
0x00007f2befffd618:   00007f2befffd630 00007f2befffd690
0x00007f2befffd628:   00007f2bf71e6a82 0000000000000000
0x00007f2befffd638:   00000000000000a0 00000000eca24af8
0x00007f2befffd648:   00000000eca2d4b8 00007f2befffd650
0x00007f2befffd658:   00000000bfc179af 00007f2befffd6b8
0x00007f2befffd668:   00000000bfc183f8 0000000000000000
0x00007f2befffd678:   00000000bfc17a00 00007f2befffd630
0x00007f2befffd688:   00007f2befffd6a0 00007f2befffd700
0x00007f2befffd698:   00007f2bf71e6f5c 00000000000000a0
0x00007f2befffd6a8:   0000000000000000 00000000eca2d4b8
0x00007f2befffd6b8:   00000000eca24aa0 00007f2befffd6c0
0x00007f2befffd6c8:   00000000bfc0fdb7 00007f2befffd728
0x00007f2befffd6d8:   00000000bfc143a0 0000000000000000
0x00007f2befffd6e8:   00000000bfc0fdf8 00007f2befffd6a0 

Instructions: (pc=0x00007f2befc793a8)
0x00007f2befc79388:   ff 25 9a 24 28 00 68 05 01 00 00 e9 90 ef ff ff
0x00007f2befc79398:   ff 25 92 24 28 00 68 06 01 00 00 e9 80 ef ff ff
0x00007f2befc793a8:   ff 25 8a 24 28 00 68 07 01 00 00 e9 70 ef ff ff
0x00007f2befc793b8:   ff 25 82 24 28 00 68 08 01 00 00 e9 60 ef ff ff 

Register to memory mapping:

RAX=0x00000000eca2d4c8 is an unknown value
RBX=0x00007f2bf01a21d0 is an unknown value
RCX=0x00007f2bf01a27a0 is an unknown value
RDX=0x0000000000000280 is an unknown value
RSP=0x00007f2befffd4f8 is pointing into the stack for thread: 0x00007f2bf01a2000
RBP=0x00007f2befffd5d8 is pointing into the stack for thread: 0x00007f2bf01a2000
RSI=0x00000000eca2d4c8 is an unknown value
RDI=0x00007f2be85ed000 is an unknown value
R8 =0x00007f2bfbd93fe8: <offset 0xa99fe8> in /usr/lib/jvm/java-6-sun-1.6.0.26/jre/lib/amd64/server/libjvm.so at 0x00007f2bfb2fa000
R9 =0x00007f2bfbd97e58: <offset 0xa9de58> in /usr/lib/jvm/java-6-sun-1.6.0.26/jre/lib/amd64/server/libjvm.so at 0x00007f2bfb2fa000
R10=0x00007f2bf01a2b88 is an unknown value
R11=0x00007f2bf01a27e8 is an unknown value
R12=0x00000000eca2d4c8 is an unknown value
R13=0x0000000000000280 is an unknown value
R14=0x00007f2be85ed000 is an unknown value
R15=0x0000000000000000 is an unknown value


Stack: [0x00007f2befeff000,0x00007f2bf0000000],  sp=0x00007f2befffd4f8,  free space=1017k
Native frames: (J=compiled Java code, j=interpreted, Vv=VM code, C=native code)
