#
# A fatal error has been detected by the Java Runtime Environment:
#
#  SIGBUS (0x7) at pc=0x00007f5c93a79210, pid=23251, tid=140035594639104
#
# JRE version: 6.0_26-b03
# Java VM: Java HotSpot(TM) 64-Bit Server VM (20.1-b02 mixed mode linux-amd64 compressed oops)
# Problematic frame:
# 
[error occurred during error reporting (printing problematic frame), id 0x7]

# If you would like to submit a bug report, please visit:
#   http://java.sun.com/webapps/bugreport/crash.jsp
# The crash happened outside the Java Virtual Machine in native code.
# See problematic frame for where to report the bug.
#

---------------  T H R E A D  ---------------

Current thread (0x00007f5c9419f800):  JavaThread "AWT-EventQueue-0" [_thread_in_native, id=23271, stack(0x00007f5c93cfd000,0x00007f5c93dfe000)]

siginfo:si_signo=SIGBUS: si_errno=0, si_code=2 (BUS_ADRERR), si_addr=0x00007f5c93a79210

Registers:
RAX=0x0000000000000000, RBX=0x00000000c402d988, RCX=0x00007f5c93dfb7c8, RDX=0x00007f5c93dfb7c0
RSP=0x00007f5c93dfb7b8, RBP=0x00007f5c93dfb800, RSI=0x00007f5c93dfb7f0, RDI=0x00007f5c9419f9d0
R8 =0x0000000000000014, R9 =0x0000000000000000, R10=0x00007f5c9b08e389, R11=0x00000000c4018f90
R12=0x0000000000000000, R13=0x00007f5c93dfb8e0, R14=0x00007f5c93dfb7f0, R15=0x00007f5c9419f800
RIP=0x00007f5c93a79210, EFLAGS=0x0000000000010246, CSGSFS=0x0000000000000033, ERR=0x0000000000000014
  TRAPNO=0x000000000000000e

Top of Stack: (sp=0x00007f5c93dfb7b8)
0x00007f5c93dfb7b8:   00007f5c9b08e403 00000000c402d988
0x00007f5c93dfb7c8:   00000000c4012d90 00007f5c9419f800
0x00007f5c93dfb7d8:   0000000000000000 00007f5c9419f800
0x00007f5c93dfb7e8:   0000000000000de1 00000000bfc72248
0x00007f5c93dfb7f8:   00007f5c923d5f11 00000000c4012d90
0x00007f5c93dfb808:   00007f5c9b097d5c 00000000bfc9ed00
0x00007f5c93dfb818:   00000000c4018f30 0000001400000001
0x00007f5c93dfb828:   00000000c4018fb0 0000000093dfb860
0x00007f5c93dfb838:   00007f5c93dfb878 00007f5c93dfb870
0x00007f5c93dfb848:   00007f5c9419f9d0 00007f5c93dfb870
0x00007f5c93dfb858:   00000000c4019188 00007f5c93dfb8b0
0x00007f5c93dfb868:   00007f5c9b0a4d1e 00000000c4019358
0x00007f5c93dfb878:   00007f5c9b0956e0 00000000c4018f30
0x00007f5c93dfb888:   423c000044480000 4280000042800000
0x00007f5c93dfb898:   00007f5c927f8ec9 00007f5c93dfb8f0
0x00007f5c93dfb8a8:   00004000bfcc8908 00000000c4014340
0x00007f5c93dfb8b8:   00007f5c9b0bdb74 00007f5c93dfb950
0x00007f5c93dfb8c8:   00007f5c9afc7a82 00000000c4014330
0x00007f5c93dfb8d8:   00007f5c9afc7a82 00007f5c42800000
0x00007f5c93dfb8e8:   00007f5c42800000 00007f5c423c0000
0x00007f5c93dfb8f8:   00007f5c44480000 00000000c4019358
0x00007f5c93dfb908:   00000000c4018f30 00007f5c93dfb910
0x00007f5c93dfb918:   00000000bfcc80b7 00007f5c93dfb968
0x00007f5c93dfb928:   00000000bfcc8908 00000000bfd5b500
0x00007f5c93dfb938:   00000000bfcc80f0 00007f5c93dfb8e0
0x00007f5c93dfb948:   00007f5c93dfb968 00007f5c93dfb9b0
0x00007f5c93dfb958:   00007f5c9afc7a82 00000000c4014330
0x00007f5c93dfb968:   00000000c4018e38 00007f5c93dfb970
0x00007f5c93dfb978:   00000000bfc6246f 00007f5c93dfb9c0
0x00007f5c93dfb988:   00000000bfc65458 00000000bfd5ac28
0x00007f5c93dfb998:   00000000bfc62798 00007f5c93dfb968
0x00007f5c93dfb9a8:   00007f5c93dfb9c0 00007f5c93dfba08 

Instructions: (pc=0x00007f5c93a79210)
0x00007f5c93a791f0:   6c 24 30 31 c9 48 8b 80 f8 06 00 00 4c 8b 74 24
0x00007f5c93a79200:   38 4c 8b 7c 24 40 48 83 c4 48 ff e0 0f 1f 40 00
0x00007f5c93a79210:   48 89 5c 24 d0 48 89 6c 24 d8 48 89 fb 4c 89 64
0x00007f5c93a79220:   24 e0 4c 89 6c 24 e8 48 89 d5 4c 89 74 24 f0 4c 

Register to memory mapping:

RAX=0x0000000000000000 is an unknown value
RBX=0x00000000c402d988 is an oop
[F 
 - klass: {type array float}
 - length: 20000
RCX=0x00007f5c93dfb7c8 is pointing into the stack for thread: 0x00007f5c9419f800
RDX=0x00007f5c93dfb7c0 is pointing into the stack for thread: 0x00007f5c9419f800
RSP=0x00007f5c93dfb7b8 is pointing into the stack for thread: 0x00007f5c9419f800
RBP=0x00007f5c93dfb800 is pointing into the stack for thread: 0x00007f5c9419f800
RSI=0x00007f5c93dfb7f0 is pointing into the stack for thread: 0x00007f5c9419f800
RDI=0x00007f5c9419f9d0 is an unknown value
R8 =0x0000000000000014 is an unknown value
R9 =0x0000000000000000 is an unknown value
R10=0x00007f5c9b08e190 [CodeBlob (0x00007f5c9b08e190)]
Framesize: 10
R11=0x00000000c4018f90 is an oop
com.badlogic.gdx.graphics.Mesh 
 - klass: 'com/badlogic/gdx/graphics/Mesh'
R12=0x0000000000000000 is an unknown value
R13=0x00007f5c93dfb8e0 is pointing into the stack for thread: 0x00007f5c9419f800
R14=0x00007f5c93dfb7f0 is pointing into the stack for thread: 0x00007f5c9419f800
R15=0x00007f5c9419f800 is a thread


Stack: [0x00007f5c93cfd000,0x00007f5c93dfe000],  sp=0x00007f5c93dfb7b8,  free space=1017k
Native frames: (J=compiled Java code, j=interpreted, Vv=VM code, C=native code)
