#
# A fatal error has been detected by the Java Runtime Environment:
#
#  SIGBUS (0x7) at pc=0x00007fd0268823a8, pid=23325, tid=140531980076800
#
# JRE version: 6.0_26-b03
# Java VM: Java HotSpot(TM) 64-Bit Server VM (20.1-b02 mixed mode linux-amd64 compressed oops)
# Problematic frame:
# 
[error occurred during error reporting (printing problematic frame), id 0x7]

# If you would like to submit a bug report, please visit:
#   http://java.sun.com/webapps/bugreport/crash.jsp
# The crash happened outside the Java Virtual Machine in native code.
# See problematic frame for where to report the bug.
#

---------------  T H R E A D  ---------------

Current thread (0x00007fd0281b7800):  JavaThread "AWT-EventQueue-0" [_thread_in_native, id=23345, stack(0x00007fd026b08000,0x00007fd026c09000)]

siginfo:si_signo=SIGBUS: si_errno=0, si_code=2 (BUS_ADRERR), si_addr=0x00007fd026b04838

Registers:
RAX=0x00000000c4021998, RBX=0x00007fd0281b79d0, RCX=0x00007fd0281b8320, RDX=0x0000000000000050
RSP=0x00007fd026c06a48, RBP=0x00007fd026c06a90, RSI=0x00000000c4021998, RDI=0x00007fd028703000
R8 =0x00007fd03286efe8, R9 =0x00007fd032872e58, R10=0x00007fd0281b8708, R11=0x00007fd0281b8368
R12=0x00000000c4021998, R13=0x0000000000000050, R14=0x00007fd028703000, R15=0x0000000000000000
RIP=0x00007fd0268823a8, EFLAGS=0x0000000000010202, CSGSFS=0x0000000000000033, ERR=0x0000000000000004
  TRAPNO=0x000000000000000e

Top of Stack: (sp=0x00007fd026c06a48)
0x00007fd026c06a48:   00007fd026884277 00007fd0281b7800
0x00007fd026c06a58:   0000000000000001 00007fd026c06ad0
0x00007fd026c06a68:   0000000000000000 00007fd026c06ba0
0x00007fd026c06a78:   00007fd026c06ac0 00007fd0281b7800
0x00007fd026c06a88:   00007fd02dd86883 00000000c4021988
0x00007fd026c06a98:   00000000c40086b8 00007fd0281b7800
0x00007fd026c06aa8:   0000000000000de1 00007fd0281b7800
0x00007fd026c06ab8:   00007fd0251e0f11 00000000bfbe6058
0x00007fd026c06ac8:   00007fd0251ad808 00000000c40086b8
0x00007fd026c06ad8:   00007fd02dd907b4 00007fd026c06b20
0x00007fd026c06ae8:   00000000c4009678 0000001400000001
0x00007fd026c06af8:   00000000c40096f8 00007fd026c06b30
0x00007fd026c06b08:   00007fd0281b79d0 00007fd026c06b30
0x00007fd026c06b18:   00000000c40098d0 00007fd026c06b70
0x00007fd026c06b28:   00007fd02dd9bd1e 00000000c4009aa0
0x00007fd026c06b38:   00007fd02dd957e0 00000000c4009678
0x00007fd026c06b48:   423c000044480000 4280000042800000
0x00007fd026c06b58:   00007fd025603ec9 00007fd026c06bb0
0x00007fd026c06b68:   00004000bfc3c8a0 00000000c4002158
0x00007fd026c06b78:   00007fd02dd203f4 00007fd026c06c10
0x00007fd026c06b88:   00007fd02dcc1a82 00000000c4002148
0x00007fd026c06b98:   00007fd02dcc1a82 00007fd042800000
0x00007fd026c06ba8:   00007fd042800000 00007fd0423c0000
0x00007fd026c06bb8:   00007fd044480000 00000000c4009aa0
0x00007fd026c06bc8:   00000000c4009678 00007fd026c06bd0
0x00007fd026c06bd8:   00000000bfc3c05f 00007fd026c06c28
0x00007fd026c06be8:   00000000bfc3c8a0 00000000bfd5a608
0x00007fd026c06bf8:   00000000bfc3c098 00007fd026c06ba0
0x00007fd026c06c08:   00007fd026c06c28 00007fd026c06c70
0x00007fd026c06c18:   00007fd02dcc1a82 00000000c4002148
0x00007fd026c06c28:   00000000c4009580 00007fd026c06c30
0x00007fd026c06c38:   00000000bfbd6417 00007fd026c06c80 

Instructions: (pc=0x00007fd0268823a8)
0x00007fd026882388:   ff 25 9a 24 28 00 68 05 01 00 00 e9 90 ef ff ff
0x00007fd026882398:   ff 25 92 24 28 00 68 06 01 00 00 e9 80 ef ff ff
0x00007fd0268823a8:   ff 25 8a 24 28 00 68 07 01 00 00 e9 70 ef ff ff
0x00007fd0268823b8:   ff 25 82 24 28 00 68 08 01 00 00 e9 60 ef ff ff 

Register to memory mapping:

RAX=0x00000000c4021998 is an oop
[F 
 - klass: {type array float}
 - length: 20000
RBX=0x00007fd0281b79d0 is an unknown value
RCX=0x00007fd0281b8320 is an unknown value
RDX=0x0000000000000050 is an unknown value
RSP=0x00007fd026c06a48 is pointing into the stack for thread: 0x00007fd0281b7800
RBP=0x00007fd026c06a90 is pointing into the stack for thread: 0x00007fd0281b7800
RSI=0x00000000c4021998 is an oop
[F 
 - klass: {type array float}
 - length: 20000
RDI=0x00007fd028703000 is an unknown value
R8 =0x00007fd03286efe8: <offset 0xa99fe8> in /usr/lib/jvm/java-6-sun-1.6.0.26/jre/lib/amd64/server/libjvm.so at 0x00007fd031dd5000
R9 =0x00007fd032872e58: <offset 0xa9de58> in /usr/lib/jvm/java-6-sun-1.6.0.26/jre/lib/amd64/server/libjvm.so at 0x00007fd031dd5000
R10=0x00007fd0281b8708 is an unknown value
R11=0x00007fd0281b8368 is an unknown value
R12=0x00000000c4021998 is an oop
[F 
 - klass: {type array float}
 - length: 20000
R13=0x0000000000000050 is an unknown value
R14=0x00007fd028703000 is an unknown value
R15=0x0000000000000000 is an unknown value


Stack: [0x00007fd026b08000,0x00007fd026c09000],  sp=0x00007fd026c06a48,  free space=1018k
Native frames: (J=compiled Java code, j=interpreted, Vv=VM code, C=native code)
