#
# A fatal error has been detected by the Java Runtime Environment:
#
#  SIGBUS (0x7) at pc=0x00007fa51f762210, pid=6459, tid=140347251734272
#
# JRE version: 6.0_26-b03
# Java VM: Java HotSpot(TM) 64-Bit Server VM (20.1-b02 mixed mode linux-amd64 compressed oops)
# Problematic frame:
# 
[error occurred during error reporting (printing problematic frame), id 0x7]

# If you would like to submit a bug report, please visit:
#   http://java.sun.com/webapps/bugreport/crash.jsp
# The crash happened outside the Java Virtual Machine in native code.
# See problematic frame for where to report the bug.
#

---------------  T H R E A D  ---------------

Current thread (0x0000000040aa3000):  JavaThread "AWT-EventQueue-0" [_thread_in_native, id=6478, stack(0x00007fa52405b000,0x00007fa52415c000)]

siginfo:si_signo=SIGBUS: si_errno=0, si_code=2 (BUS_ADRERR), si_addr=0x00007fa51f762210

Registers:
RAX=0x0000000000000000, RBX=0x0000000000000001, RCX=0x00007fa5241599c8, RDX=0x00007fa5241599c0
RSP=0x00007fa5241599b8, RBP=0x00007fa524159a00, RSI=0x00007fa5241599f0, RDI=0x0000000040aa31d0
R8 =0x0000000000000014, R9 =0x0000000000000000, R10=0x00007fa526ccf189, R11=0x00000000bfbfe848
R12=0x0000000000000000, R13=0x00007fa524159ad0, R14=0x00007fa5241599f0, R15=0x0000000040aa3000
RIP=0x00007fa51f762210, EFLAGS=0x0000000000010246, CSGSFS=0x0000000000000033, ERR=0x0000000000000014
  TRAPNO=0x000000000000000e

Top of Stack: (sp=0x00007fa5241599b8)
0x00007fa5241599b8:   00007fa526ccf203 00000000c40060f8
0x00007fa5241599c8:   00000000c4004428 00007fa524159a88
0x00007fa5241599d8:   00007fa526cd0584 00007fa524159af0
0x00007fa5241599e8:   00000de1bfbab000 00000000bfc056d0
0x00007fa5241599f8:   00007fa526cc50f8 00000000c4004428
0x00007fa524159a08:   00007fa526cbf034 00007fa524159a88
0x00007fa524159a18:   00000000c4004e20 0000001400000001
0x00007fa524159a28:   00000000c4004ea0 0000000000000000
0x00007fa524159a38:   00000000c4005068 00000000ed17a330
0x00007fa524159a48:   00007fa524159a48 00000000bfbdf2a8
0x00007fa524159a58:   00007fa524159aa0 00000000c4005248
0x00007fa524159a68:   00007fa526cc6660 00000000c4004e20
0x00007fa524159a78:   426c000044480000 4280000042800000
0x00007fa524159a88:   00007fa524159ae8 00007fa526be8a82
0x00007fa524159a98:   00000000ed17a330 00000000c4004e20
0x00007fa524159aa8:   00007fa524159aa8 00007fa524159b40
0x00007fa524159ab8:   00007fa526be8a82 00000000bfbdfa78
0x00007fa524159ac8:   00007fa526be8a82 0000000042800000
0x00007fa524159ad8:   0000000042800000 00007fa5426c0000
0x00007fa524159ae8:   00007fa544480000 00000000c4005248
0x00007fa524159af8:   00000000c4004e20 00007fa524159b00
0x00007fa524159b08:   00000000bfbd3a0f 00007fa524159b58
0x00007fa524159b18:   00000000bfbd4190 00000000bfd1e638
0x00007fa524159b28:   00000000bfbd3a48 00007fa524159ad0
0x00007fa524159b38:   00007fa524159b58 00007fa524159ba0
0x00007fa524159b48:   00007fa526be8a82 00000000ed17a330
0x00007fa524159b58:   00000000c4004d28 00007fa524159b60
0x00007fa524159b68:   00000000bfbd025f 00007fa524159bb0
0x00007fa524159b78:   00000000bfbd1298 00000000bfd1e4e0
0x00007fa524159b88:   00000000bfbd0278 00007fa524159b58
0x00007fa524159b98:   00007fa524159bb0 00007fa524159bf8
0x00007fa524159ba8:   00007fa526be8f5c 00000000c4004c20 

Instructions: (pc=0x00007fa51f762210)
0x00007fa51f7621f0:   6c 24 30 31 c9 48 8b 80 f8 06 00 00 4c 8b 74 24
0x00007fa51f762200:   38 4c 8b 7c 24 40 48 83 c4 48 ff e0 0f 1f 40 00
0x00007fa51f762210:   48 89 5c 24 d0 48 89 6c 24 d8 48 89 fb 4c 89 64
0x00007fa51f762220:   24 e0 4c 89 6c 24 e8 48 89 d5 4c 89 74 24 f0 4c 

Register to memory mapping:

RAX=0x0000000000000000 is an unknown value
RBX=0x0000000000000001 is an unknown value
RCX=0x00007fa5241599c8 is pointing into the stack for thread: 0x0000000040aa3000
RDX=0x00007fa5241599c0 is pointing into the stack for thread: 0x0000000040aa3000
RSP=0x00007fa5241599b8 is pointing into the stack for thread: 0x0000000040aa3000
RBP=0x00007fa524159a00 is pointing into the stack for thread: 0x0000000040aa3000
RSI=0x00007fa5241599f0 is pointing into the stack for thread: 0x0000000040aa3000
RDI=0x0000000040aa31d0 is an unknown value
R8 =0x0000000000000014 is an unknown value
R9 =0x0000000000000000 is an unknown value
R10=0x00007fa526ccef90 [CodeBlob (0x00007fa526ccef90)]
Framesize: 10
R11=0x00000000bfbfe848 is an oop
{instance class} 
 - klass: {other class}
R12=0x0000000000000000 is an unknown value
R13=0x00007fa524159ad0 is pointing into the stack for thread: 0x0000000040aa3000
R14=0x00007fa5241599f0 is pointing into the stack for thread: 0x0000000040aa3000
R15=0x0000000040aa3000 is a thread


Stack: [0x00007fa52405b000,0x00007fa52415c000],  sp=0x00007fa5241599b8,  free space=1018k
Native frames: (J=compiled Java code, j=interpreted, Vv=VM code, C=native code)
