#
# A fatal error has been detected by the Java Runtime Environment:
#
#  SIGBUS (0x7) at pc=0x00007f6575c1b210, pid=13063, tid=140073747740416
#
# JRE version: 6.0_26-b03
# Java VM: Java HotSpot(TM) 64-Bit Server VM (20.1-b02 mixed mode linux-amd64 compressed oops)
# Problematic frame:
# 
[error occurred during error reporting (printing problematic frame), id 0x7]

# If you would like to submit a bug report, please visit:
#   http://java.sun.com/webapps/bugreport/crash.jsp
# The crash happened outside the Java Virtual Machine in native code.
# See problematic frame for where to report the bug.
#

---------------  T H R E A D  ---------------

Current thread (0x00007f6578358800):  JavaThread "AWT-EventQueue-0" [_thread_in_native, id=13082, stack(0x00007f6575e9f000,0x00007f6575fa0000)]

siginfo:si_signo=SIGBUS: si_errno=0, si_code=2 (BUS_ADRERR), si_addr=0x00007f6575c1b210

Registers:
RAX=0x0000000000000000, RBX=0x0000000000000001, RCX=0x00007f6575f9d9b8, RDX=0x00007f6575f9d9b0
RSP=0x00007f6575f9d9a8, RBP=0x00007f6575f9d9f0, RSI=0x00007f6575f9d9e0, RDI=0x00007f65783589d0
R8 =0x0000000000000014, R9 =0x0000000000000000, R10=0x00007f657d14fa09, R11=0x00000000bfbfdf80
R12=0x0000000000000000, R13=0x00007f6575f9dab8, R14=0x00007f6575f9d9e0, R15=0x00007f6578358800
RIP=0x00007f6575c1b210, EFLAGS=0x0000000000010246, CSGSFS=0x0000000000000033, ERR=0x0000000000000014
  TRAPNO=0x000000000000000e

Top of Stack: (sp=0x00007f6575f9d9a8)
0x00007f6575f9d9a8:   00007f657d14fa83 00000000c4019540
0x00007f6575f9d9b8:   00000000c4017678 00007f6575f9da70
0x00007f6575f9d9c8:   00007f657d15fe84 00007f6575f9da70
0x00007f6575f9d9d8:   00007f657d15ce38 00000000bfc04e08
0x00007f6575f9d9e8:   00007f657d128808 00000000c4017678
0x00007f6575f9d9f8:   00007f657d14adb4 00007f6575f9da70
0x00007f6575f9da08:   00000000ecf36cf8 0000001400000001
0x00007f6575f9da18:   00000000ecf36d78 00000000ecf36f40
0x00007f6575f9da28:   00000000ecf32700 00007f6575f9da30
0x00007f6575f9da38:   00000000bfbde9e0 00007f6575f9da88
0x00007f6575f9da48:   00000000bfbdf1b0 00000000ecf37120
0x00007f6575f9da58:   00007f657d15b6a0 00000000ecf36cf8
0x00007f6575f9da68:   428c0000443c0000 4280000042800000
0x00007f6575f9da78:   00007f657d072a82 00000000ecf32700
0x00007f6575f9da88:   00000000ecf36cf8 00007f6575f9da90
0x00007f6575f9da98:   00000000bfbda6b6 00007f6575f9db28
0x00007f6575f9daa8:   00007f657d072a82 00007f657d072a82
0x00007f6575f9dab8:   0000000042800000 0000000042800000
0x00007f6575f9dac8:   00007f65428c0000 00007f65443c0000
0x00007f6575f9dad8:   00000000ecf37120 00000000ecf36cf8
0x00007f6575f9dae8:   00007f6575f9dae8 00000000bfbd31b7
0x00007f6575f9daf8:   00007f6575f9db48 00000000bfbd3968
0x00007f6575f9db08:   00000000bfd12750 00000000bfbd3220
0x00007f6575f9db18:   00007f6575f9dab8 00007f6575f9db48
0x00007f6575f9db28:   00007f6575f9db90 00007f657d072a82
0x00007f6575f9db38:   0000000000000000 00000000ecf32700
0x00007f6575f9db48:   00000000ecf36c00 00007f6575f9db50
0x00007f6575f9db58:   00000000bfbd021f 00007f6575f9dba0
0x00007f6575f9db68:   00000000bfbd0d68 00000000bfd125f8
0x00007f6575f9db78:   00000000bfbd0238 00007f6575f9db48
0x00007f6575f9db88:   00007f6575f9dba0 00007f6575f9dbe8
0x00007f6575f9db98:   00007f657d072f5c 00000000ecf36b10 

Instructions: (pc=0x00007f6575c1b210)
0x00007f6575c1b1f0:   6c 24 30 31 c9 48 8b 80 f8 06 00 00 4c 8b 74 24
0x00007f6575c1b200:   38 4c 8b 7c 24 40 48 83 c4 48 ff e0 0f 1f 40 00
0x00007f6575c1b210:   48 89 5c 24 d0 48 89 6c 24 d8 48 89 fb 4c 89 64
0x00007f6575c1b220:   24 e0 4c 89 6c 24 e8 48 89 d5 4c 89 74 