#
# A fatal error has been detected by the Java Runtime Environment:
#
#  SIGBUS (0x7) at pc=0x00007f2205e0a3a8, pid=23865, tid=139784107919104
#
# JRE version: 6.0_26-b03
# Java VM: Java HotSpot(TM) 64-Bit Server VM (20.1-b02 mixed mode linux-amd64 compressed oops)
# Problematic frame:
# 
[error occurred during error reporting (printing problematic frame), id 0x7]

# If you would like to submit a bug report, please visit:
#   http://java.sun.com/webapps/bugreport/crash.jsp
# The crash happened outside the Java Virtual Machine in native code.
# See problematic frame for where to report the bug.
#

---------------  T H R E A D  ---------------

Current thread (0x0000000041f93000):  JavaThread "AWT-EventQueue-0" [_thread_in_native, id=23885, stack(0x00007f2206090000,0x00007f2206191000)]

siginfo:si_signo=SIGBUS: si_errno=0, si_code=2 (BUS_ADRERR), si_addr=0x00007f220608c838

Registers:
RAX=0x00000000c401f998, RBX=0x0000000041f931d0, RCX=0x0000000041d2e9b0, RDX=0x0000000000000050
RSP=0x00007f220618eaf8, RBP=0x00007f220618eb40, RSI=0x00000000c401f998, RDI=0x00007f2208781000
R8 =0x00007f2211e8bfe8, R9 =0x00007f2211e8fe58, R10=0x0000000041d2ed98, R11=0x0000000041d2e9f8
R12=0x00000000c401f998, R13=0x0000000000000050, R14=0x00007f2208781000, R15=0x0000000000000000
RIP=0x00007f2205e0a3a8, EFLAGS=0x0000000000010202, CSGSFS=0x0000000000000033, ERR=0x0000000000000004
  TRAPNO=0x000000000000000e

Top of Stack: (sp=0x00007f220618eaf8)
0x00007f220618eaf8:   00007f2205e0c277 0000000041f93000
0x00007f220618eb08:   0000000000000001 00007f220618eb80
0x00007f220618eb18:   0000000000000000 00007f220618ecf0
0x00007f220618eb28:   00007f220618eb70 0000000041f93000
0x00007f220618eb38:   00007f220d3b0203 00000000c401f988
0x00007f220618eb48:   00000000c4003a08 0000000000000000
0x00007f220618eb58:   0000000000000000 00007f220618eba0
0x00007f220618eb68:   00007f2204ba8cf7 00000000bfc6cf50
0x00007f220618eb78:   00007f220618ebb8 00000000c4003a08
0x00007f220618eb88:   00007f220d3ac7f4 00007f220618ebb0
0x00007f220618eb98:   00000000c401d988 0000001400000001
0x00007f220618eba8:   00000000c401da08 00000000c4004fc0
0x00007f220618ebb8:   00000000c401dbd0 0000000041f93000
0x00007f220618ebc8:   0000400000000000 00007f220618ebf0
0x00007f220618ebd8:   0000000041f931d0 00000000c401ddb0
0x00007f220618ebe8:   00007f220d3b0560 00000000c401d988
0x00007f220618ebf8:   423c000044480000 4280000042800000
0x00007f220618ec08:   0000400000000000 00000000c4004fb0
0x00007f220618ec18:   0000000041f931d0 00007f220618ec70
0x00007f220618ec28:   00007f220d3c5188 00000000c401ddb0
0x00007f220618ec38:   00007f220d4250ec 00000000c4007ee8
0x00007f220618ec48:   0000400000000001 00007f220618ec70
0x00007f220618ec58:   0000000041f931d0 00007f220618ecb0
0x00007f220618ec68:   00007f220d3c5188 00000000c4004fc0
0x00007f220618ec78:   00007f220d4311e0 00000000c4007980
0x00007f220618ec88:   00000000ec65a958 0000000000000000
0x00007f220618ec98:   00007f2211afd438 00000000000147b4
0x00007f220618eca8:   000000002fad0912 00000000c4007980
0x00007f220618ecb8:   00007f220d410c94 00000000c4007940
0x00007f220618ecc8:   00007f220d40cd5d 0000000000000001
0x00007f220618ecd8:   00007f2204b883d7 00000000c4053c70
0x00007f220618ece8:   00007f220d3d4fb0 00000000ed180000 

Instructions: (pc=0x00007f2205e0a3a8)
0x00007f2205e0a388:   ff 25 9a 24 28 00 68 05 01 00 00 e9 90 ef ff ff
0x00007f2205e0a398:   ff 25 92 24 28 00 68 06 01 00 00 e9 80 ef ff ff
0x00007f2205e0a3a8:   ff 25 8a 24 28 00 68 07 01 00 00 e9 70 ef ff ff
0x00007f2205e0a3b8:   ff 25 82 24 28 00 68 08 01 00 00 e9 60 ef ff ff 

Register to memory mapping:

RAX=0x00000000c401f998 is an oop
[F 
 - klass: {type array float}
 - length: 20000
RBX=0x0000000041f931d0 is an unknown value
RCX=0x0000000041d2e9b0 is an unknown value
RDX=0x0000000000000050 is an unknown value
RSP=0x00007f220618eaf8 is pointing into the stack for thread: 0x0000000041f93000
RBP=0x00007f220618eb40 is pointing into the stack for thread: 0x0000000041f93000
RSI=0x00000000c401f998 is an oop
[F 
 - klass: {type array float}
 - length: 20000
RDI=0x00007f2208781000 is an unknown value
R8 =0x00007f2211e8bfe8: <offset 0xa99fe8> in /usr/lib/jvm/java-6-sun-1.6.0.26/jre/lib/amd64/server/libjvm.so at 0x00007f22113f2000
R9 =0x00007f2211e8fe58: <offset 0xa9de58> in /usr/lib/jvm/java-6-sun-1.6.0.26/jre/lib/amd64/server/libjvm.so at 0x00007f22113f2000
R10=0x0000000041d2ed98 is an unknown value
R11=0x0000000041d2e9f8 is an unknown value
R12=0x00000000c401f998 is an oop
[F 
 - klass: {type array float}
 - length: 20000
R13=0x0000000000000050 is an unknown value
R14=0x00007f2208781000 is an unknown value
R15=0x0000000000000000 is an unknown value


Stack: [0x00007f2206090000,0x00007f2206191000],  sp=0x00007f220618eaf8,  free space=1018k
Native frames: (J=compiled Java code, j=interpreted, Vv=VM code, C=native code)
