#
# A fatal error has been detected by the Java Runtime Environment:
#
#  SIGBUS (0x7) at pc=0x00007f3267a38210, pid=6537, tid=139854467548928
#
# JRE version: 6.0_26-b03
# Java VM: Java HotSpot(TM) 64-Bit Server VM (20.1-b02 mixed mode linux-amd64 compressed oops)
# Problematic frame:
# 
[error occurred during error reporting (printing problematic frame), id 0x7]

# If you would like to submit a bug report, please visit:
#   http://java.sun.com/webapps/bugreport/crash.jsp
# The crash happened outside the Java Virtual Machine in native code.
# See problematic frame for where to report the bug.
#

---------------  T H R E A D  ---------------

Current thread (0x0000000041635800):  JavaThread "AWT-EventQueue-0" [_thread_in_native, id=6556, stack(0x00007f3267cbc000,0x00007f3267dbd000)]

siginfo:si_signo=SIGBUS: si_errno=0, si_code=2 (BUS_ADRERR), si_addr=0x00007f3267a38210

Registers:
RAX=0x0000000000000000, RBX=0x0000000000000001, RCX=0x00007f3267dbacb8, RDX=0x00007f3267dbacb0
RSP=0x00007f3267dbaca8, RBP=0x00007f3267dbacf0, RSI=0x00007f3267dbace0, RDI=0x00000000416359d0
R8 =0x0000000000000014, R9 =0x0000000000000000, R10=0x00007f326eff3049, R11=0x00000000bfbfa088
R12=0x0000000000000000, R13=0x00007f3267dbae00, R14=0x00007f3267dbace0, R15=0x0000000041635800
RIP=0x00007f3267a38210, EFLAGS=0x0000000000010246, CSGSFS=0x0000000000000033, ERR=0x0000000000000014
  TRAPNO=0x000000000000000e

Top of Stack: (sp=0x00007f3267dbaca8)
0x00007f3267dbaca8:   00007f326eff30c3 00000000c40080f8
0x00007f3267dbacb8:   00000000c4006930 0000000041635800
0x00007f3267dbacc8:   0000000000000000 0000000041635800
0x00007f3267dbacd8:   0000000000000de1 00000000bfc00f10
0x00007f3267dbace8:   00007f3266394f11 00000000c4006930
0x00007f3267dbacf8:   00007f326efe2ab4 00000000c4007628
0x00007f3267dbad08:   00000000c4007328 0000001400000001
0x00007f3267dbad18:   00000000c40073a8 0000000067dbad50
0x00007f3267dbad28:   00007f3267dbad68 00007f3267dbad60
0x00007f3267dbad38:   00000000416359d0 00007f3267dbad60
0x00007f3267dbad48:   00000000c4007580 00000000c4007750
0x00007f3267dbad58:   00007f326efefc60 00000000c4007328
0x00007f3267dbad68:   426c000044480000 4280000042800000
0x00007f3267dbad78:   00007f324a5c4878 0000000000000000
0x00007f3267dbad88:   00007f327372f438 0000000000001e06
0x00007f3267dbad98:   0000000029205420 00000000c4007750
0x00007f3267dbada8:   00007f326f02d5c8 00000000c40070f0
0x00007f3267dbadb8:   00000000c4007230 c4007328c4007230
0x00007f3267dbadc8:   00000000c4007328 00000000c4002480
0x00007f3267dbadd8:   00007f326f015edd 0000000000000001
0x00007f3267dbade8:   00007f32667b43d7 00000000c4001eb8
0x00007f3267dbadf8:   00007f326effb3b0 00000000ecf00540
0x00007f3267dbae08:   0000000000000007 0000000000000001
0x00007f3267dbae18:   00000000c4045888 c403a96800000001
0x00007f3267dbae28:   00000001c4045888 00000000c4001ee8
0x00007f3267dbae38:   00000000c403a968 00000000ecc8ea68
0x00007f3267dbae48:   00000000ecc8e9b0 00000000ecc8ea28
0x00007f3267dbae58:   00000000c40951d8 0000000000000001
0x00007f3267dbae68:   0000000000000001 00000000bf5602f8
0x00007f3267dbae78:   0000000041635800 00000000ecf00540
0x00007f3267dbae88:   00007f326f034d5c 00000000c4045870
0x00007f3267dbae98:   00000000c4003c58 0000000000000001 

Instructions: (pc=0x00007f3267a38210)
0x00007f3267a381f0:   6c 24 30 31 c9 48 8b 80 f8 06 00 00 4c 8b 74 24
0x00007f3267a38200:   38 4c 8b 7c 24 40 48 83 c4 48 ff e0 0f 1f 40 00
0x00007f3267a38210:   48 89 5c 24 d0 48 89 6c 24 d8 48 89 fb 4c 89 64
0x00007f3267a38220:   24 e0 4c 89 6c 24 e8 48 89 d5 4c 89 74 24 f0 4c 

Register to memory mapping:

RAX=0x0000000000000000 is an unknown value
RBX=0x0000000000000001 is an unknown value
RCX=0x00007f3267dbacb8 is pointing into the stack for thread: 0x0000000041635800
RDX=0x00007f3267dbacb0 is pointing into the stack for thread: 0x0000000041635800
RSP=0x00007f3267dbaca8 is pointing into the stack for thread: 0x0000000041635800
RBP=0x00007f3267dbacf0 is pointing into the stack for thread: 0x0000000041635800
RSI=0x00007f3267dbace0 is pointing into the stack for thread: 0x0000000041635800
RDI=0x00000000416359d0 is an unknown value
R8 =0x0000000000000014 is an unknown value
R9 =0x0000000000000000 is an unknown value
R10=0x00007f326eff2e50 [CodeBlob (0x00007f326eff2e50)]
Framesize: 10
R11=0x00000000bfbfa088 is an oop
{instance class} 
 - klass: {other class}
R12=0x0000000000000000 is an unknown value
R13=0x00007f3267dbae00 is pointing into the stack for thread: 0x0000000041635800
R14=0x00007f3267dbace0 is pointing into the stack for thread: 0x0000000041635800
R15=0x0000000041635800 is a thread


Stack: [0x00007f3267cbc000,0x00007f3267dbd000],  sp=0x00007f3267dbaca8,  free space=1019k
Native frames: (J=compiled Java code, j=interpreted, Vv=VM code, C=native code)
